<?xml version="1.0" encoding="UTF-8"?>
<!-- Generated by org.testng.reporters.JUnitReportReporter -->
<testsuite hostname="Sureshs-MacBook-Pro.local" failures="0" tests="1" name="salesforcetest.Leads" time="22.224" errors="0" timestamp="2023-02-15T22:42:42 PST" skipped="0">
  <testcase classname="salesforcetest.Leads" name="lead_details" time="22.224"/>
  <system-out/>
</testsuite> <!-- salesforcetest.Leads -->
