<?xml version="1.0" encoding="UTF-8"?>
<!-- Generated by org.testng.reporters.JUnitReportReporter -->
<testsuite hostname="Sureshs-MacBook-Pro.local" failures="0" tests="1" name="salesforcetest.opportunity" time="4.043" errors="0" timestamp="2023-02-16T15:05:13 PST" skipped="0">
  <testcase classname="salesforcetest.opportunity" name="logindetails" time="4.043"/>
  <system-out/>
</testsuite> <!-- salesforcetest.opportunity -->
