<?xml version="1.0" encoding="UTF-8"?>
<!-- Generated by org.testng.reporters.JUnitReportReporter -->
<testsuite hostname="Sureshs-MacBook-Pro.local" failures="0" tests="1" name="salesforcetest.salesforce_login" time="5.439" errors="0" timestamp="2023-02-19T15:41:30 PST" skipped="0">
  <testcase classname="salesforcetest.salesforce_login" name="forgotpassword" time="5.439"/>
  <system-out/>
</testsuite> <!-- salesforcetest.salesforce_login -->
