<?xml version="1.0" encoding="UTF-8"?>
<!-- Generated by org.testng.reporters.JUnitReportReporter -->
<testsuite hostname="Sureshs-MacBook-Pro.local" failures="0" tests="1" name="salesforcetest.randomscenario" time="43.305" errors="0" timestamp="2023-02-15T10:52:03 PST" skipped="0">
  <testcase classname="salesforcetest.randomscenario" name="profile_update" time="43.305"/>
  <system-out/>
</testsuite> <!-- salesforcetest.randomscenario -->
