<?xml version="1.0" encoding="UTF-8"?>
<!-- Generated by org.testng.reporters.JUnitReportReporter -->
<testsuite hostname="Sureshs-MacBook-Pro.local" failures="0" tests="8" name="salesforcetest.contactdetails" time="159.285" errors="0" timestamp="2023-02-15T09:32:56 PST" skipped="0">
  <testcase classname="salesforcetest.contactdetails" name="my_contacts" time="22.582"/>
  <system-out/>
  <testcase classname="salesforcetest.contactdetails" name="recently_created" time="19.665"/>
  <system-out/>
  <testcase classname="salesforcetest.contactdetails" name="contact_create" time="23.584"/>
  <system-out/>
  <testcase classname="salesforcetest.contactdetails" name="create_new_view_neg" time="21.463"/>
  <system-out/>
  <testcase classname="salesforcetest.contactdetails" name="recent_contact_info" time="21.434"/>
  <system-out/>
  <testcase classname="salesforcetest.contactdetails" name="create_new_view" time="22.283"/>
  <system-out/>
  <testcase classname="salesforcetest.contactdetails" name="logindetails" time="5.915"/>
  <system-out/>
  <testcase classname="salesforcetest.contactdetails" name="contact_create_fail" time="22.359"/>
  <system-out/>
</testsuite> <!-- salesforcetest.contactdetails -->
