<?xml version="1.0" encoding="UTF-8"?>
<!-- Generated by org.testng.reporters.JUnitReportReporter -->
<testsuite hostname="Sureshs-MacBook-Pro.local" failures="0" tests="1" name="salesforcetest.salesforce_settings" time="30.055" errors="0" timestamp="2023-02-14T10:25:08 PST" skipped="0">
  <testcase classname="salesforcetest.salesforce_settings" name="display_layout" time="30.055"/>
  <system-out/>
</testsuite> <!-- salesforcetest.salesforce_settings -->
