<?xml version="1.0" encoding="UTF-8"?>
<!-- Generated by org.testng.reporters.JUnitReportReporter -->
<testsuite hostname="Sureshs-MacBook-Pro.local" failures="0" tests="1" name="salesforcetest.AccountingTesting" time="26.006" errors="0" timestamp="2023-02-14T15:31:52 PST" skipped="0">
  <testcase classname="salesforcetest.AccountingTesting" name="view_page" time="26.006"/>
  <system-out/>
</testsuite> <!-- salesforcetest.AccountingTesting -->
